<?xml version="1.0" encoding="UTF-8"?>
<!-- Generated by org.testng.reporters.JUnitReportReporter -->
<testsuite hostname="IZLAP2023-074" failures="0" tests="2" name="testNGLearning.TestCase1" time="0.005" errors="0" timestamp="06 Nov 2024 16:45:12 GMT" skipped="0">
  <testcase classname="testNGLearning.TestCase1" name="doUserRegistration" time="0.004"/>
  <testcase classname="testNGLearning.TestCase1" name="doLogin" time="0.001"/>
</testsuite> <!-- testNGLearning.TestCase1 -->
