<?xml version="1.0" encoding="UTF-8"?>
<!-- Generated by org.testng.reporters.JUnitReportReporter -->
<testsuite hostname="IZLAP2023-074" failures="0" tests="4" name="TestNGLearningExtended_07_11.TestParameterization" time="25.916" errors="0" timestamp="11 Nov 2024 16:14:20 GMT" skipped="0">
  <testcase classname="TestNGLearningExtended_07_11.TestParameterization" name="doLogin" time="6.711"/>
  <testcase classname="TestNGLearningExtended_07_11.TestParameterization" name="doLogin" time="6.400"/>
  <testcase classname="TestNGLearningExtended_07_11.TestParameterization" name="doLogin" time="6.294"/>
  <testcase classname="TestNGLearningExtended_07_11.TestParameterization" name="doLogin" time="6.511"/>
</testsuite> <!-- TestNGLearningExtended_07_11.TestParameterization -->
